<?xml version="1.0" encoding="UTF-8"?>
<!-- Generated by org.testng.reporters.JUnitReportReporter -->
<testsuite hostname="RSI1506" name="br.com.rsinet.hub_tdd.Framework.POM_TC" tests="1" failures="1" timestamp="10 Jan 2020 14:47:02 GMT" time="18.072" errors="0">
  <testcase name="loga" time="18.072" classname="br.com.rsinet.hub_tdd.Framework.POM_TC">
    <failure type="org.openqa.selenium.SessionNotCreatedException" message="session not created
from chrome not reachable
  (Session info: chrome=79.0.3945.117)
Build info: version: &#039;3.141.59&#039;, revision: &#039;e82be7d358&#039;, time: &#039;2018-11-14T08:17:03&#039;
System info: host: &#039;RSI1506&#039;, ip: &#039;10.1.0.190&#039;, os.name: &#039;Windows 10&#039;, os.arch: &#039;amd64&#039;, os.version: &#039;10.0&#039;, java.version: &#039;1.8.0_231&#039;
Driver info: driver.version: ChromeDriver
remote stacktrace: Backtrace:
	Ordinal0 [0x0106A113+1548563]
	Ordinal0 [0x00FEDDA1+1039777]
	Ordinal0 [0x00F6E32E+516910]
	Ordinal0 [0x00F68012+491538]
	Ordinal0 [0x00F686EB+493291]
	Ordinal0 [0x00F69855+497749]
	Ordinal0 [0x00F65885+481413]
	Ordinal0 [0x00F6F0D0+520400]
	Ordinal0 [0x00F1C030+180272]
	Ordinal0 [0x00F1B59D+177565]
	Ordinal0 [0x00F195FB+169467]
	Ordinal0 [0x00F0160A+71178]
	Ordinal0 [0x00F02690+75408]
	Ordinal0 [0x00F02629+75305]
	Ordinal0 [0x010071B7+1143223]
	GetHandleVerifier [0x01102B46+507814]
	GetHandleVerifier [0x01102864+507076]
	GetHandleVerifier [0x01109F47+537511]
	GetHandleVerifier [0x01103402+510050]
	Ordinal0 [0x00FFF29C+1110684]
	Ordinal0 [0x0100938B+1151883]
	Ordinal0 [0x010094F3+1152243]
	Ordinal0 [0x010083F5+1147893]
	BaseThreadInitThunk [0x76FD6359+25]
	RtlGetAppContainerNamedObjectPath [0x77657B74+228]
	RtlGetAppContainerNamedObjectPath [0x77657B44+180]
">
      <![CDATA[org.openqa.selenium.SessionNotCreatedException: session not created
from chrome not reachable
  (Session info: chrome=79.0.3945.117)
Build info: version: '3.141.59', revision: 'e82be7d358', time: '2018-11-14T08:17:03'
System info: host: 'RSI1506', ip: '10.1.0.190', os.name: 'Windows 10', os.arch: 'amd64', os.version: '10.0', java.version: '1.8.0_231'
Driver info: driver.version: ChromeDriver
remote stacktrace: Backtrace:
	Ordinal0 [0x0106A113+1548563]
	Ordinal0 [0x00FEDDA1+1039777]
	Ordinal0 [0x00F6E32E+516910]
	Ordinal0 [0x00F68012+491538]
	Ordinal0 [0x00F686EB+493291]
	Ordinal0 [0x00F69855+497749]
	Ordinal0 [0x00F65885+481413]
	Ordinal0 [0x00F6F0D0+520400]
	Ordinal0 [0x00F1C030+180272]
	Ordinal0 [0x00F1B59D+177565]
	Ordinal0 [0x00F195FB+169467]
	Ordinal0 [0x00F0160A+71178]
	Ordinal0 [0x00F02690+75408]
	Ordinal0 [0x00F02629+75305]
	Ordinal0 [0x010071B7+1143223]
	GetHandleVerifier [0x01102B46+507814]
	GetHandleVerifier [0x01102864+507076]
	GetHandleVerifier [0x01109F47+537511]
	GetHandleVerifier [0x01103402+510050]
	Ordinal0 [0x00FFF29C+1110684]
	Ordinal0 [0x0100938B+1151883]
	Ordinal0 [0x010094F3+1152243]
	Ordinal0 [0x010083F5+1147893]
	BaseThreadInitThunk [0x76FD6359+25]
	RtlGetAppContainerNamedObjectPath [0x77657B74+228]
	RtlGetAppContainerNamedObjectPath [0x77657B44+180]

	at sun.reflect.NativeConstructorAccessorImpl.newInstance0(Native Method)
	at sun.reflect.NativeConstructorAccessorImpl.newInstance(NativeConstructorAccessorImpl.java:62)
	at sun.reflect.DelegatingConstructorAccessorImpl.newInstance(DelegatingConstructorAccessorImpl.java:45)
	at java.lang.reflect.Constructor.newInstance(Constructor.java:423)
	at org.openqa.selenium.remote.W3CHandshakeResponse.lambda$errorHandler$0(W3CHandshakeResponse.java:62)
	at org.openqa.selenium.remote.HandshakeResponse.lambda$getResponseFunction$0(HandshakeResponse.java:30)
	at org.openqa.selenium.remote.ProtocolHandshake.lambda$createSession$0(ProtocolHandshake.java:126)
	at java.util.stream.ReferencePipeline$3$1.accept(ReferencePipeline.java:193)
	at java.util.Spliterators$ArraySpliterator.tryAdvance(Spliterators.java:958)
	at java.util.stream.ReferencePipeline.forEachWithCancel(ReferencePipeline.java:126)
	at java.util.stream.AbstractPipeline.copyIntoWithCancel(AbstractPipeline.java:499)
	at java.util.stream.AbstractPipeline.copyInto(AbstractPipeline.java:486)
	at java.util.stream.AbstractPipeline.wrapAndCopyInto(AbstractPipeline.java:472)
	at java.util.stream.FindOps$FindOp.evaluateSequential(FindOps.java:152)
	at java.util.stream.AbstractPipeline.evaluate(AbstractPipeline.java:234)
	at java.util.stream.ReferencePipeline.findFirst(ReferencePipeline.java:464)
	at org.openqa.selenium.remote.ProtocolHandshake.createSession(ProtocolHandshake.java:128)
	at org.openqa.selenium.remote.ProtocolHandshake.createSession(ProtocolHandshake.java:74)
	at org.openqa.selenium.remote.HttpCommandExecutor.execute(HttpCommandExecutor.java:136)
	at org.openqa.selenium.remote.service.DriverCommandExecutor.execute(DriverCommandExecutor.java:83)
	at org.openqa.selenium.remote.RemoteWebDriver.execute(RemoteWebDriver.java:552)
	at org.openqa.selenium.remote.RemoteWebDriver.startSession(RemoteWebDriver.java:213)
	at org.openqa.selenium.remote.RemoteWebDriver.<init>(RemoteWebDriver.java:131)
	at org.openqa.selenium.chrome.ChromeDriver.<init>(ChromeDriver.java:181)
	at org.openqa.selenium.chrome.ChromeDriver.<init>(ChromeDriver.java:168)
	at org.openqa.selenium.chrome.ChromeDriver.<init>(ChromeDriver.java:123)
	at br.com.rsinet.hub_tdd.Framework.POM_TC.loga(POM_TC.java:20)
	at sun.reflect.NativeMethodAccessorImpl.invoke0(Native Method)
	at sun.reflect.NativeMethodAccessorImpl.invoke(NativeMethodAccessorImpl.java:62)
	at sun.reflect.DelegatingMethodAccessorImpl.invoke(DelegatingMethodAccessorImpl.java:43)
	at java.lang.reflect.Method.invoke(Method.java:498)
	at org.testng.internal.MethodInvocationHelper.invokeMethod(MethodInvocationHelper.java:84)
	at org.testng.internal.Invoker.invokeMethod(Invoker.java:714)
	at org.testng.internal.Invoker.invokeTestMethod(Invoker.java:901)
	at org.testng.internal.Invoker.invokeTestMethods(Invoker.java:1231)
	at org.testng.internal.TestMethodWorker.invokeTestMethods(TestMethodWorker.java:127)
	at org.testng.internal.TestMethodWorker.run(TestMethodWorker.java:111)
	at org.testng.TestRunner.privateRun(TestRunner.java:767)
	at org.testng.TestRunner.run(TestRunner.java:617)
	at org.testng.SuiteRunner.runTest(SuiteRunner.java:348)
	at org.testng.SuiteRunner.runSequentially(SuiteRunner.java:343)
	at org.testng.SuiteRunner.privateRun(SuiteRunner.java:305)
	at org.testng.SuiteRunner.run(SuiteRunner.java:254)
	at org.testng.SuiteRunnerWorker.runSuite(SuiteRunnerWorker.java:52)
	at org.testng.SuiteRunnerWorker.run(SuiteRunnerWorker.java:86)
	at org.testng.TestNG.runSuitesSequentially(TestNG.java:1224)
	at org.testng.TestNG.runSuitesLocally(TestNG.java:1149)
	at org.testng.TestNG.run(TestNG.java:1057)
	at org.testng.remote.AbstractRemoteTestNG.run(AbstractRemoteTestNG.java:115)
	at org.testng.remote.RemoteTestNG.initAndRun(RemoteTestNG.java:251)
	at org.testng.remote.RemoteTestNG.main(RemoteTestNG.java:77)
]]>
    </failure>
  </testcase> <!-- loga -->
</testsuite> <!-- br.com.rsinet.hub_tdd.Framework.POM_TC -->
